0 info it worked if it ends with ok
1 verbose cli [ 'E:\\Laptrinh\\NodeJs\\node.exe',
1 verbose cli   'C:\\Users\\khacc\\AppData\\Roaming\\npm\\node_modules\\npm\\bin\\npm-cli.js',
1 verbose cli   'run',
1 verbose cli   'backend-compile' ]
2 info using npm@4.0.2
3 info using node@v6.9.1
4 verbose run-script [ 'prebackend-compile',
4 verbose run-script   'backend-compile',
4 verbose run-script   'postbackend-compile' ]
5 info lifecycle ThesisIS@1.0.0~prebackend-compile: ThesisIS@1.0.0
6 silly lifecycle ThesisIS@1.0.0~prebackend-compile: no script for prebackend-compile, continuing
7 info lifecycle ThesisIS@1.0.0~backend-compile: ThesisIS@1.0.0
8 verbose lifecycle ThesisIS@1.0.0~backend-compile: unsafe-perm in lifecycle true
9 verbose lifecycle ThesisIS@1.0.0~backend-compile: PATH: C:\Users\khacc\AppData\Roaming\npm\node_modules\npm\bin\node-gyp-bin;E:\Khóa Luận Tốt Nghiệp\ProjectThesis\node_modules\.bin;C:\ProgramData\Oracle\Java\javapath;E:\app\oracle\product\12.1.0\dbhome_1\bin;C:\WINDOWS\system32;C:\WINDOWS;C:\WINDOWS\System32\Wbem;C:\WINDOWS\System32\WindowsPowerShell\v1.0\;C:\Program Files\Microsoft SQL Server\110\Tools\Binn\;C:\Program Files\Microsoft SQL Server\120\Tools\Binn\;E:\Laptrinh\XAMPP\php;C:\ProgramData\ComposerSetup\bin;C:\Python27;C:\Python27\python.exe;E:\Android\SDK\platform-tools;C:\ProgramData\Oracle\Java\javapath;E:\app\oracle\product\12.1.0\dbhome_1\bin;C:\WINDOWS\system32;C:\WINDOWS;C:\WINDOWS\System32\Wbem;C:\WINDOWS\System32\WindowsPowerShell\v1.0\;C:\Program Files\Microsoft SQL Server\110\Tools\Binn\;C:\Program Files\Microsoft SQL Server\120\Tools\Binn\;E:\Laptrinh\XAMPP\php;C:\ProgramData\ComposerSetup\bin;C:\Python27;C:\Python27\python.exe;E:\Android\SDK\platform-tools;C:\ProgramData\Oracle\Java\javapath;E:\app\oracle\product\12.1.0\dbhome_1\bin;C:\WINDOWS\system32;C:\WINDOWS;C:\WINDOWS\System32\Wbem;C:\WINDOWS\System32\WindowsPowerShell\v1.0\;C:\Program Files\Microsoft SQL Server\110\Tools\Binn\;C:\Program Files\Microsoft SQL Server\120\Tools\Binn\;E:\Laptrinh\XAMPP\php;C:\ProgramData\ComposerSetup\bin;C:\Python27;C:\Python27\python.exe;E:\Android\SDK\platform-tools;C:\WINDOWS\System32;%ANT_HOME%/bin;C:\Program Files (x86)\Skype\Phone\;C:\Program Files\Microsoft SQL Server\130\Tools\Binn\;C:\Program Files (x86)\Windows Kits\8.1\Windows Performance Toolkit\;C:\Program Files\Git\cmd;C:\Program Files (x86)\Microsoft SDKs\TypeScript\1.8;C:\Program Files\Microsoft SQL Server\120\DTS\Binn\;C:\Program Files\Microsoft SQL Server\Client SDK\ODBC\110\Tools\Binn\;C:\Program Files (x86)\Microsoft SQL Server\120\Tools\Binn\;C:\Program Files (x86)\Microsoft SQL Server\120\Tools\Binn\ManagementStudio\;C:\Program Files (x86)\Microsoft SQL Server\120\DTS\Binn\;E:\Laptrinh\NodeJs\;C:\Program Files\dotnet\;C:\Program Files\MongoDB\Server\3.4\bin;C:\ProgramData\chocolatey\bin;C:\Program Files\Java\jdk1.8.0_131\bin;C:\Android\android-sdk\tools;C:\Android\android-sdk\platform-tools;C:\Users\khacc\AppData\Roaming\npm;C:\Users\khacc\AppData\Local\Android\Sdk\platform-tools;C:\Users\khacc\AppData\Local\Android\Sdk\tools;;%ANT_HOME%/bin;C:\Program Files (x86)\Skype\Phone\;C:\Program Files\Microsoft SQL Server\130\Tools\Binn\;C:\Program Files (x86)\Windows Kits\8.1\Windows Performance Toolkit\;C:\Program Files\Git\cmd;C:\Program Files (x86)\Microsoft SDKs\TypeScript\1.8;C:\Program Files\Microsoft SQL Server\120\DTS\Binn\;C:\Program Files\Microsoft SQL Server\Client SDK\ODBC\110\Tools\Binn\;C:\Program Files (x86)\Microsoft SQL Server\120\Tools\Binn\;C:\Program Files (x86)\Microsoft SQL Server\120\Tools\Binn\ManagementStudio\;C:\Program Files (x86)\Microsoft SQL Server\120\DTS\Binn\;E:\Laptrinh\NodeJs\;C:\Program Files\dotnet\;C:\Program Files\MongoDB\Server\3.4\bin;C:\ProgramData\chocolatey\bin;C:\Program Files\Java\jdk1.8.0_131\bin;C:\Android\android-sdk\tools;C:\Android\android-sdk\platform-tools;C:\Users\khacc\AppData\Roaming\npm;C:\Users\khacc\AppData\Local\Android\Sdk\platform-tools;C:\Users\khacc\AppData\Local\Android\Sdk\tools;;%ANT_HOME%/bin;C:\Program Files (x86)\Skype\Phone\;C:\Program Files\Microsoft SQL Server\130\Tools\Binn\;C:\Program Files (x86)\Windows Kits\8.1\Windows Performance Toolkit\;C:\Program Files (x86)\Microsoft SDKs\TypeScript\1.8;C:\Program Files\Microsoft SQL Server\120\DTS\Binn\;C:\Program Files\Microsoft SQL Server\Client SDK\ODBC\110\Tools\Binn\;C:\Program Files (x86)\Microsoft SQL Server\120\Tools\Binn\;C:\Program Files (x86)\Microsoft SQL Server\120\Tools\Binn\ManagementStudio\;C:\Program Files (x86)\Microsoft SQL Server\120\DTS\Binn\;E:\Laptrinh\NodeJs\;C:\Program Files\dotnet\;C:\Program Files\MongoDB\Server\3.4\bin;C:\ProgramData\chocolatey\bin;C:\Program Files\Java\jdk1.8.0_131\bin;C:\Android\android-sdk\tools;C:\Android\android-sdk\platform-tools;C:\Users\khacc\AppData\Roaming\npm;C:\Users\khacc\AppData\Local\Android\Sdk\platform-tools;C:\Users\khacc\AppData\Local\Android\Sdk\tools;C:\Program Files\Git\cmd;C:\Ruby200-x64\bin;E:\Android\cocos2d-x-3.9\templates;E:\Android\cocos2d-x-3.9\tools\cocos2d-console\bin;C:\Users\khacc\AppData\Roaming\Composer\vendor\bin;C:\Users\khacc\AppData\Local\Microsoft\WindowsApps;C:\Users\khacc\AppData\Roaming\npm;C:\Program Files (x86)\Microsoft VS Code\bin;
10 verbose lifecycle ThesisIS@1.0.0~backend-compile: CWD: E:\Khóa Luận Tốt Nghiệp\ProjectThesis
11 silly lifecycle ThesisIS@1.0.0~backend-compile: Args: [ '/d /s /c', 'tsc server.ts --watch' ]
12 verbose stack Error: kill ENOSYS
12 verbose stack     at exports._errnoException (util.js:1026:11)
12 verbose stack     at process.kill (internal/process.js:172:13)
12 verbose stack     at process.listener (C:\Users\khacc\AppData\Roaming\npm\node_modules\npm\node_modules\npmlog\node_modules\gauge\node_modules\signal-exit\index.js:86:15)
12 verbose stack     at emitNone (events.js:91:20)
12 verbose stack     at process.emit (events.js:185:7)
12 verbose stack     at processEmit (C:\Users\khacc\AppData\Roaming\npm\node_modules\npm\node_modules\npmlog\node_modules\gauge\node_modules\signal-exit\index.js:146:32)
12 verbose stack     at processEmit (C:\Users\khacc\AppData\Roaming\npm\node_modules\npm\node_modules\npm-registry-client\node_modules\npmlog\node_modules\gauge\node_modules\signal-exit\index.js:146:32)
12 verbose stack     at Signal.wrap.onsignal (internal/process.js:199:44)
13 verbose cwd E:\Khóa Luận Tốt Nghiệp\ProjectThesis
14 error Windows_NT 10.0.15063
15 error argv "E:\\Laptrinh\\NodeJs\\node.exe" "C:\\Users\\khacc\\AppData\\Roaming\\npm\\node_modules\\npm\\bin\\npm-cli.js" "run" "backend-compile"
16 error node v6.9.1
17 error npm  v4.0.2
18 error code ENOSYS
19 error errno ENOSYS
20 error syscall kill
21 error kill ENOSYS
22 error If you need help, you may report this error at:
22 error     <https://github.com/npm/npm/issues>
23 verbose exit [ 1, true ]
